\BOOKMARK [0][-]{chapter.0}{\376\377\000P\000r\000e\000f\000a\000c\000e}{}% 1
\BOOKMARK [1][-]{section.0.1}{\376\377\000O\000n\000t\000o\000l\000o\000g\000y}{chapter.0}% 2
\BOOKMARK [1][-]{section.0.2}{\376\377\000C\000a\000m\000b\000r\000i\000d\000g\000e}{chapter.0}% 3
\BOOKMARK [1][-]{section.0.3}{\376\377\000L\000a\000n\000g\000u\000a\000g\000e}{chapter.0}% 4
\BOOKMARK [0][-]{chapter.1}{\376\377\000C\000a\000t\000e\000g\000o\000r\000y\000\040\000I}{}% 5
\BOOKMARK [1][-]{section.1.1}{\376\377\000B\000a\000s\000i\000c\000\040\000C\000o\000n\000c\000e\000p\000t\000s}{chapter.1}% 6
\BOOKMARK [0][-]{chapter.2}{\376\377\000L\000i\000n\000e\000a\000r\000\040\000A\000l\000g\000e\000b\000r\000a}{}% 7
\BOOKMARK [1][-]{section.2.1}{\376\377\000F\000i\000n\000i\000t\000e\000\040\000v\000e\000c\000t\000o\000r\000\040\000s\000p\000a\000c\000e\000s}{chapter.2}% 8
\BOOKMARK [1][-]{section.2.2}{\376\377\000C\000a\000t\000e\000g\000o\000r\000y\000\040\000N\000V\000e\000c\000t}{chapter.2}% 9
\BOOKMARK [1][-]{section.2.3}{\376\377\000D\000u\000a\000l\000\040\000S\000p\000a\000c\000e\000s}{chapter.2}% 10
\BOOKMARK [0][-]{chapter.3}{\376\377\000M\000e\000a\000s\000u\000r\000e}{}% 11
\BOOKMARK [1][-]{section.3.1}{\376\377\000C\000o\000n\000c\000e\000p\000t\000s}{chapter.3}% 12
\BOOKMARK [0][-]{chapter.4}{\376\377\000U\000n\000c\000a\000t\000e\000g\000o\000r\000i\000s\000e\000d}{}% 13
\BOOKMARK [1][-]{section.4.1}{\376\377\000M\000i\000s\000c\000e\000l\000l\000a\000n\000e\000o\000u\000s}{chapter.4}% 14
\BOOKMARK [0][-]{appendix.A}{\376\377\000C\000o\000n\000v\000e\000n\000t\000i\000o\000n\000s}{}% 15
\BOOKMARK [1][-]{subsection.A.0.1}{\376\377\000D\000e\000n\000o\000t\000a\000t\000i\000o\000n\000s}{appendix.A}% 16
\BOOKMARK [2][-]{subsection.A.0.2}{\376\377\000A\000s\000s\000u\000m\000p\000t\000i\000o\000n\000s}{subsection.A.0.1}% 17
\BOOKMARK [2][-]{subsection.A.0.3}{\376\377\000T\000r\000i\000v\000i\000a\000l\000n\000e\000s\000s}{subsection.A.0.1}% 18
\BOOKMARK [0][-]{appendix.B}{\376\377\000I\000n\000d\000e\000x}{}% 19
\BOOKMARK [1][-]{subsection.B.0.1}{\376\377\000A\000p\000p\000a\000r\000a\000t\000u\000s}{appendix.B}% 20
